1575896693.233613 client started (3712): version 2.6, socket /tmp/tmux-1000/default, protocol 8
1575896693.233696 on Linux 4.4.0-18362-Microsoft #476-Microsoft Fri Nov 01 16:53:00 PST 2019; libevent 2.1.8-stable (poll)
1575896693.233723 socket is /tmp/tmux-1000/default
1575896693.233741 trying connect
1575896693.233831 add peer 0x7fffd6812f10: 6 ((nil))
1575896693.233908 sending message 100 to peer 0x7fffd6812f10 (4 bytes)
1575896693.233928 sending message 101 to peer 0x7fffd6812f10 (16 bytes)
1575896693.234049 sending message 102 to peer 0x7fffd6812f10 (11 bytes)
1575896693.234061 sending message 108 to peer 0x7fffd6812f10 (23 bytes)
1575896693.234071 sending message 104 to peer 0x7fffd6812f10 (0 bytes)
1575896693.234078 sending message 107 to peer 0x7fffd6812f10 (4 bytes)
1575896693.234085 sending message 105 to peer 0x7fffd6812f10 (12 bytes)
1575896693.234091 sending message 105 to peer 0x7fffd6812f10 (17 bytes)
1575896693.234098 sending message 105 to peer 0x7fffd6812f10 (21 bytes)
1575896693.234105 sending message 105 to peer 0x7fffd6812f10 (19 bytes)
1575896693.234111 sending message 105 to peer 0x7fffd6812f10 (16 bytes)
1575896693.234118 sending message 105 to peer 0x7fffd6812f10 (17 bytes)
1575896693.234124 sending message 105 to peer 0x7fffd6812f10 (34 bytes)
1575896693.234131 sending message 105 to peer 0x7fffd6812f10 (18 bytes)
1575896693.234138 sending message 105 to peer 0x7fffd6812f10 (41 bytes)
1575896693.234144 sending message 105 to peer 0x7fffd6812f10 (25 bytes)
1575896693.234151 sending message 105 to peer 0x7fffd6812f10 (25 bytes)
1575896693.234157 sending message 105 to peer 0x7fffd6812f10 (21 bytes)
1575896693.234164 sending message 105 to peer 0x7fffd6812f10 (21 bytes)
1575896693.234170 sending message 105 to peer 0x7fffd6812f10 (28 bytes)
1575896693.234177 sending message 105 to peer 0x7fffd6812f10 (21 bytes)
1575896693.234183 sending message 105 to peer 0x7fffd6812f10 (25 bytes)
1575896693.234190 sending message 105 to peer 0x7fffd6812f10 (16 bytes)
1575896693.234199 sending message 105 to peer 0x7fffd6812f10 (1516 bytes)
1575896693.234226 sending message 105 to peer 0x7fffd6812f10 (9 bytes)
1575896693.234234 sending message 105 to peer 0x7fffd6812f10 (30 bytes)
1575896693.234241 sending message 105 to peer 0x7fffd6812f10 (11 bytes)
1575896693.234247 sending message 105 to peer 0x7fffd6812f10 (2791 bytes)
1575896693.234255 sending message 105 to peer 0x7fffd6812f10 (27 bytes)
1575896693.234261 sending message 105 to peer 0x7fffd6812f10 (19 bytes)
1575896693.234268 sending message 105 to peer 0x7fffd6812f10 (8 bytes)
1575896693.234274 sending message 105 to peer 0x7fffd6812f10 (21 bytes)
1575896693.234281 sending message 105 to peer 0x7fffd6812f10 (35 bytes)
1575896693.234288 sending message 105 to peer 0x7fffd6812f10 (13 bytes)
1575896693.234294 sending message 105 to peer 0x7fffd6812f10 (13 bytes)
1575896693.234301 sending message 105 to peer 0x7fffd6812f10 (12 bytes)
1575896693.234307 sending message 105 to peer 0x7fffd6812f10 (8 bytes)
1575896693.234314 sending message 105 to peer 0x7fffd6812f10 (23 bytes)
1575896693.234320 sending message 105 to peer 0x7fffd6812f10 (16 bytes)
1575896693.234327 sending message 105 to peer 0x7fffd6812f10 (16 bytes)
1575896693.234334 sending message 106 to peer 0x7fffd6812f10 (0 bytes)
1575896693.234342 sending message 200 to peer 0x7fffd6812f10 (4 bytes)
1575896693.234349 client loop enter
1575896693.234789 peer 0x7fffd6812f10 message 211
1575896693.234811 peer 0x7fffd6812f10 message 203
1575896693.234820 client loop exit
