1575896704.481139 client started (3800): version 2.6, socket /tmp/tmux-1000/default, protocol 8
1575896704.481215 on Linux 4.4.0-18362-Microsoft #476-Microsoft Fri Nov 01 16:53:00 PST 2019; libevent 2.1.8-stable (poll)
1575896704.481253 socket is /tmp/tmux-1000/default
1575896704.481272 trying connect
1575896704.481300 connect failed: Connection refused
1575896704.481319 lock file is /tmp/tmux-1000/default.lock
1575896704.481578 flock succeeded
1575896704.481599 got lock (6)
1575896704.481734 trying connect
1575896704.481752 connect failed: Connection refused
1575896704.489847 add peer 0x7fffef8e20f0: 7 ((nil))
1575896704.489985 sending message 100 to peer 0x7fffef8e20f0 (4 bytes)
1575896704.489998 sending message 101 to peer 0x7fffef8e20f0 (15 bytes)
1575896704.490006 sending message 102 to peer 0x7fffef8e20f0 (10 bytes)
1575896704.490013 sending message 108 to peer 0x7fffef8e20f0 (23 bytes)
1575896704.490024 sending message 104 to peer 0x7fffef8e20f0 (0 bytes)
1575896704.490036 sending message 107 to peer 0x7fffef8e20f0 (4 bytes)
1575896704.490045 sending message 105 to peer 0x7fffef8e20f0 (16 bytes)
1575896704.490052 sending message 105 to peer 0x7fffef8e20f0 (17 bytes)
1575896704.490062 sending message 105 to peer 0x7fffef8e20f0 (2791 bytes)
1575896704.490075 sending message 105 to peer 0x7fffef8e20f0 (20 bytes)
1575896704.490084 sending message 105 to peer 0x7fffef8e20f0 (8 bytes)
1575896704.490095 sending message 105 to peer 0x7fffef8e20f0 (9 bytes)
1575896704.490105 sending message 105 to peer 0x7fffef8e20f0 (19 bytes)
1575896704.490114 sending message 105 to peer 0x7fffef8e20f0 (13 bytes)
1575896704.490124 sending message 105 to peer 0x7fffef8e20f0 (16 bytes)
1575896704.490134 sending message 105 to peer 0x7fffef8e20f0 (19 bytes)
1575896704.490144 sending message 105 to peer 0x7fffef8e20f0 (23 bytes)
1575896704.490150 sending message 105 to peer 0x7fffef8e20f0 (8 bytes)
1575896704.490157 sending message 105 to peer 0x7fffef8e20f0 (27 bytes)
1575896704.490167 sending message 105 to peer 0x7fffef8e20f0 (28 bytes)
1575896704.490176 sending message 105 to peer 0x7fffef8e20f0 (12 bytes)
1575896704.490183 sending message 105 to peer 0x7fffef8e20f0 (12 bytes)
1575896704.490193 sending message 105 to peer 0x7fffef8e20f0 (11 bytes)
1575896704.490200 sending message 105 to peer 0x7fffef8e20f0 (34 bytes)
1575896704.490206 sending message 105 to peer 0x7fffef8e20f0 (41 bytes)
1575896704.490231 sending message 105 to peer 0x7fffef8e20f0 (18 bytes)
1575896704.490241 sending message 105 to peer 0x7fffef8e20f0 (25 bytes)
1575896704.490249 sending message 105 to peer 0x7fffef8e20f0 (25 bytes)
1575896704.490257 sending message 105 to peer 0x7fffef8e20f0 (21 bytes)
1575896704.490264 sending message 105 to peer 0x7fffef8e20f0 (21 bytes)
1575896704.490270 sending message 105 to peer 0x7fffef8e20f0 (28 bytes)
1575896704.490277 sending message 105 to peer 0x7fffef8e20f0 (21 bytes)
1575896704.490285 sending message 105 to peer 0x7fffef8e20f0 (25 bytes)
1575896704.490292 sending message 105 to peer 0x7fffef8e20f0 (1516 bytes)
1575896704.490301 sending message 105 to peer 0x7fffef8e20f0 (17 bytes)
1575896704.490307 sending message 105 to peer 0x7fffef8e20f0 (21 bytes)
1575896704.490314 sending message 105 to peer 0x7fffef8e20f0 (16 bytes)
1575896704.490321 sending message 105 to peer 0x7fffef8e20f0 (16 bytes)
1575896704.490327 sending message 106 to peer 0x7fffef8e20f0 (0 bytes)
1575896704.490336 sending message 200 to peer 0x7fffef8e20f0 (4 bytes)
1575896704.490343 client loop enter
1575896704.539954 peer 0x7fffef8e20f0 message 207
1575896704.539984 sending message 208 to peer 0x7fffef8e20f0 (0 bytes)
1575896709.148485 peer 0x7fffef8e20f0 message 203
1575896709.148518 sending message 205 to peer 0x7fffef8e20f0 (0 bytes)
1575896709.150149 peer 0x7fffef8e20f0 message 204
1575896709.150181 client loop exit
